1674282267261	geckodriver	INFO	Listening on 127.0.0.1:49829
1674282267418	mozrunner::runner	INFO	Running command: "/Applications/Firefox.app/Contents/MacOS/firefox-bin" "--marionette" "--remote-debugging-port" "49830" "--remote-allow-hosts" "localhost" "-foreground" "-no-remote" "-profile" "/var/folders/47/l9k2yjd11vq9mpq5kblrlkvh0000gn/T/rust_mozprofileG0lTK2"
2023-01-21 00:24:28.446 plugin-container[90054:2394414] nil host used in call to allowsSpecificHTTPSCertificateForHost
2023-01-21 00:24:28.446 plugin-container[90054:2394414] nil host used in call to allowsAnyHTTPSCertificateForHost:
1674282268457	Marionette	INFO	Marionette enabled
1674282268530	Marionette	INFO	Listening on port 49889
WebDriver BiDi listening on ws://localhost:49830
Read port: 49889
2023-01-21 00:24:28.748 plugin-container[90054:2394414] nil host used in call to allowsSpecificHTTPSCertificateForHost
2023-01-21 00:24:28.748 plugin-container[90054:2394414] nil host used in call to allowsAnyHTTPSCertificateForHost:
2023-01-21 00:24:28.749 plugin-container[90054:2394446] nil host used in call to allowsSpecificHTTPSCertificateForHost
2023-01-21 00:24:28.749 plugin-container[90054:2394446] nil host used in call to allowsAnyHTTPSCertificateForHost:
1674282268986	RemoteAgent	WARN	TLS certificate errors will be ignored for this session
console.warn: SearchSettings: "get: No settings file exists, new profile?" (new NotFoundError("Could not open the file at /var/folders/47/l9k2yjd11vq9mpq5kblrlkvh0000gn/T/rust_mozprofileG0lTK2/search.json.mozlz4", (void 0)))
DevTools listening on ws://localhost:49830/devtools/browser/e0b83120-e626-4fc1-be83-8f0651ff2fa9
JavaScript warning: https://www.google.com/maps/_/js/k=maps.m.en.VQfsK7SSQUI.2019.O/m=sc2,per,mo,lp,ti,ds,stx,bom,b/am=G5AzIA/rt=j/d=1/rs=ACT90oEaGzAkv9DK7kQvlAVhqFJSmTQpQQ, line 1205: WEBGL_debug_renderer_info is deprecated in Firefox and will be removed. Please use RENDERER.
JavaScript warning: , line 0: WebGL warning: texSubImage: Texture has not been initialized prior to a partial upload, forcing the browser to clear it. This may be slow.
JavaScript warning: , line 0: WebGL warning: texSubImage: Tex image TEXTURE_2D level 0 is incurring lazy initialization.
JavaScript warning: , line 0: WebGL warning: texSubImage: Texture has not been initialized prior to a partial upload, forcing the browser to clear it. This may be slow.
JavaScript warning: , line 0: WebGL warning: texSubImage: Tex image TEXTURE_2D level 0 is incurring lazy initialization.
JavaScript warning: , line 0: WebGL warning: texSubImage: Texture has not been initialized prior to a partial upload, forcing the browser to clear it. This may be slow.
JavaScript warning: , line 0: WebGL warning: texSubImage: Tex image TEXTURE_2D level 0 is incurring lazy initialization.
JavaScript warning: , line 0: WebGL warning: texSubImage: Texture has not been initialized prior to a partial upload, forcing the browser to clear it. This may be slow.
JavaScript warning: , line 0: WebGL warning: texSubImage: Tex image TEXTURE_2D level 0 is incurring lazy initialization.
JavaScript warning: , line 0: WebGL warning: texSubImage: Texture has not been initialized prior to a partial upload, forcing the browser to clear it. This may be slow.
JavaScript warning: , line 0: WebGL warning: texSubImage: Tex image TEXTURE_2D level 0 is incurring lazy initialization.
JavaScript warning: , line 0: WebGL warning: texSubImage: Texture has not been initialized prior to a partial upload, forcing the browser to clear it. This may be slow.
JavaScript warning: , line 0: WebGL warning: texSubImage: Tex image TEXTURE_2D level 0 is incurring lazy initialization.
JavaScript warning: , line 0: WebGL warning: copyTexSubImage: Texture has not been initialized prior to a partial upload, forcing the browser to clear it. This may be slow.
JavaScript warning: , line 0: WebGL warning: copyTexSubImage: Tex image TEXTURE_2D level 0 is incurring lazy initialization.
1674282297597	geckodriver	INFO	Listening on 127.0.0.1:50088
1674282298119	mozrunner::runner	INFO	Running command: "/Applications/Firefox.app/Contents/MacOS/firefox-bin" "--marionette" "--remote-debugging-port" "50089" "--remote-allow-hosts" "localhost" "-foreground" "-no-remote" "-profile" "/var/folders/47/l9k2yjd11vq9mpq5kblrlkvh0000gn/T/rust_mozprofileQSOuHx"
2023-01-21 00:24:58.732 plugin-container[90080:2395164] nil host used in call to allowsSpecificHTTPSCertificateForHost
2023-01-21 00:24:58.732 plugin-container[90080:2395164] nil host used in call to allowsAnyHTTPSCertificateForHost:
2023-01-21 00:24:58.739 plugin-container[90080:2395164] nil host used in call to allowsSpecificHTTPSCertificateForHost
2023-01-21 00:24:58.739 plugin-container[90080:2395164] nil host used in call to allowsAnyHTTPSCertificateForHost:
2023-01-21 00:24:58.740 plugin-container[90080:2395191] nil host used in call to allowsSpecificHTTPSCertificateForHost
2023-01-21 00:24:58.740 plugin-container[90080:2395191] nil host used in call to allowsAnyHTTPSCertificateForHost:
1674282298748	Marionette	INFO	Marionette enabled
1674282298790	Marionette	INFO	Listening on port 50100
WebDriver BiDi listening on ws://localhost:50089
Read port: 50100
1674282299256	RemoteAgent	WARN	TLS certificate errors will be ignored for this session
console.warn: SearchSettings: "get: No settings file exists, new profile?" (new NotFoundError("Could not open the file at /var/folders/47/l9k2yjd11vq9mpq5kblrlkvh0000gn/T/rust_mozprofileQSOuHx/search.json.mozlz4", (void 0)))
DevTools listening on ws://localhost:50089/devtools/browser/814dbf6a-cdbf-4c71-aba4-7cf15b17936a
JavaScript warning: https://www.google.com/maps/_/js/k=maps.m.en.VQfsK7SSQUI.2019.O/m=sc2,per,mo,lp,ti,ds,stx,bom,b/am=G5AjIA/rt=j/d=1/rs=ACT90oGEWfKLEnZJnihkFDN_HjS7nMwuNw, line 1204: WEBGL_debug_renderer_info is deprecated in Firefox and will be removed. Please use RENDERER.
JavaScript warning: , line 0: WebGL warning: texSubImage: Texture has not been initialized prior to a partial upload, forcing the browser to clear it. This may be slow.
JavaScript warning: , line 0: WebGL warning: texSubImage: Tex image TEXTURE_2D level 0 is incurring lazy initialization.
JavaScript warning: , line 0: WebGL warning: texSubImage: Texture has not been initialized prior to a partial upload, forcing the browser to clear it. This may be slow.
JavaScript warning: , line 0: WebGL warning: texSubImage: Tex image TEXTURE_2D level 0 is incurring lazy initialization.
JavaScript warning: , line 0: WebGL warning: texSubImage: Texture has not been initialized prior to a partial upload, forcing the browser to clear it. This may be slow.
JavaScript warning: , line 0: WebGL warning: texSubImage: Tex image TEXTURE_2D level 0 is incurring lazy initialization.
JavaScript warning: , line 0: WebGL warning: texSubImage: Texture has not been initialized prior to a partial upload, forcing the browser to clear it. This may be slow.
JavaScript warning: , line 0: WebGL warning: texSubImage: Tex image TEXTURE_2D level 0 is incurring lazy initialization.
JavaScript warning: , line 0: WebGL warning: copyTexSubImage: Texture has not been initialized prior to a partial upload, forcing the browser to clear it. This may be slow.
JavaScript warning: , line 0: WebGL warning: copyTexSubImage: Tex image TEXTURE_2D level 0 is incurring lazy initialization.
1674283184341	geckodriver	INFO	Listening on 127.0.0.1:53876
1674283184853	mozrunner::runner	INFO	Running command: "/Applications/Firefox.app/Contents/MacOS/firefox-bin" "--marionette" "--remote-debugging-port" "53877" "--remote-allow-hosts" "localhost" "-foreground" "-no-remote" "-profile" "/var/folders/47/l9k2yjd11vq9mpq5kblrlkvh0000gn/T/rust_mozprofile4n6dFr"
2023-01-21 00:39:45.374 plugin-container[90497:2407277] nil host used in call to allowsSpecificHTTPSCertificateForHost
2023-01-21 00:39:45.374 plugin-container[90497:2407277] nil host used in call to allowsAnyHTTPSCertificateForHost:
2023-01-21 00:39:45.382 plugin-container[90497:2407277] nil host used in call to allowsSpecificHTTPSCertificateForHost
2023-01-21 00:39:45.382 plugin-container[90497:2407277] nil host used in call to allowsAnyHTTPSCertificateForHost:
2023-01-21 00:39:45.382 plugin-container[90497:2407286] nil host used in call to allowsSpecificHTTPSCertificateForHost
2023-01-21 00:39:45.382 plugin-container[90497:2407286] nil host used in call to allowsAnyHTTPSCertificateForHost:
1674283185552	Marionette	INFO	Marionette enabled
1674283185604	Marionette	INFO	Listening on port 53893
WebDriver BiDi listening on ws://localhost:53877
Read port: 53893
1674283186050	RemoteAgent	WARN	TLS certificate errors will be ignored for this session
console.warn: SearchSettings: "get: No settings file exists, new profile?" (new NotFoundError("Could not open the file at /var/folders/47/l9k2yjd11vq9mpq5kblrlkvh0000gn/T/rust_mozprofile4n6dFr/search.json.mozlz4", (void 0)))
DevTools listening on ws://localhost:53877/devtools/browser/2dcd4138-87b6-443a-9f9b-89ed4a8ea239
JavaScript warning: https://www.google.com/maps/_/js/k=maps.m.en.VQfsK7SSQUI.2019.O/m=sc2,per,mo,lp,ti,ds,stx,bom,b/am=G5AzIA/rt=j/d=1/rs=ACT90oEaGzAkv9DK7kQvlAVhqFJSmTQpQQ, line 1205: WEBGL_debug_renderer_info is deprecated in Firefox and will be removed. Please use RENDERER.
JavaScript warning: , line 0: WebGL warning: texSubImage: Texture has not been initialized prior to a partial upload, forcing the browser to clear it. This may be slow.
JavaScript warning: , line 0: WebGL warning: texSubImage: Tex image TEXTURE_2D level 0 is incurring lazy initialization.
JavaScript warning: , line 0: WebGL warning: texSubImage: Texture has not been initialized prior to a partial upload, forcing the browser to clear it. This may be slow.
JavaScript warning: , line 0: WebGL warning: texSubImage: Tex image TEXTURE_2D level 0 is incurring lazy initialization.
JavaScript warning: , line 0: WebGL warning: texSubImage: Texture has not been initialized prior to a partial upload, forcing the browser to clear it. This may be slow.
JavaScript warning: , line 0: WebGL warning: texSubImage: Tex image TEXTURE_2D level 0 is incurring lazy initialization.
JavaScript warning: , line 0: WebGL warning: texSubImage: Texture has not been initialized prior to a partial upload, forcing the browser to clear it. This may be slow.
JavaScript warning: , line 0: WebGL warning: texSubImage: Tex image TEXTURE_2D level 0 is incurring lazy initialization.
JavaScript warning: , line 0: WebGL warning: texSubImage: Texture has not been initialized prior to a partial upload, forcing the browser to clear it. This may be slow.
JavaScript warning: , line 0: WebGL warning: texSubImage: Tex image TEXTURE_2D level 0 is incurring lazy initialization.
JavaScript warning: , line 0: WebGL warning: texSubImage: Texture has not been initialized prior to a partial upload, forcing the browser to clear it. This may be slow.
JavaScript warning: , line 0: WebGL warning: texSubImage: Tex image TEXTURE_2D level 0 is incurring lazy initialization.
JavaScript warning: , line 0: WebGL warning: copyTexSubImage: Texture has not been initialized prior to a partial upload, forcing the browser to clear it. This may be slow.
JavaScript warning: , line 0: WebGL warning: copyTexSubImage: Tex image TEXTURE_2D level 0 is incurring lazy initialization.
1674283376008	Marionette	INFO	Stopped listening on port 49889
console.warn: TopSitesFeed: Failed to fetch data from Contile server: NetworkError when attempting to fetch resource.
<<<<<<< Updated upstream
1674284167611	geckodriver	INFO	Listening on 127.0.0.1:55167
1674284217494	geckodriver	INFO	Listening on 127.0.0.1:55200
1674284441444	geckodriver	INFO	Listening on 127.0.0.1:53147
1674284455519	geckodriver	INFO	Listening on 127.0.0.1:53168
1674284509370	geckodriver	INFO	Listening on 127.0.0.1:53192
=======
1674283890032	Marionette	INFO	Stopped listening on port 50100
console.warn: TopSitesFeed: Failed to fetch data from Contile server: NetworkError when attempting to fetch resource.
1674283891770	Marionette	INFO	Stopped listening on port 53893
console.warn: TopSitesFeed: Failed to fetch data from Contile server: NetworkError when attempting to fetch resource.
1674284338707	geckodriver	INFO	Listening on 127.0.0.1:58777
1674284339214	mozrunner::runner	INFO	Running command: "/Applications/Firefox.app/Contents/MacOS/firefox-bin" "--marionette" "--remote-debugging-port" "58778" "--remote-allow-hosts" "localhost" "-foreground" "-no-remote" "-profile" "/var/folders/47/l9k2yjd11vq9mpq5kblrlkvh0000gn/T/rust_mozprofileW2FN5f"
2023-01-21 00:58:59.976 plugin-container[91328:2422931] nil host used in call to allowsSpecificHTTPSCertificateForHost
2023-01-21 00:58:59.977 plugin-container[91328:2422931] nil host used in call to allowsAnyHTTPSCertificateForHost:
1674284339992	Marionette	INFO	Marionette enabled
2023-01-21 00:59:00.031 plugin-container[91328:2422931] nil host used in call to allowsSpecificHTTPSCertificateForHost
2023-01-21 00:59:00.031 plugin-container[91328:2422931] nil host used in call to allowsAnyHTTPSCertificateForHost:
2023-01-21 00:59:00.032 plugin-container[91328:2422933] nil host used in call to allowsSpecificHTTPSCertificateForHost
2023-01-21 00:59:00.032 plugin-container[91328:2422933] nil host used in call to allowsAnyHTTPSCertificateForHost:
1674284340044	Marionette	INFO	Listening on port 58790
Read port: 58790
WebDriver BiDi listening on ws://localhost:58778
1674284340484	RemoteAgent	WARN	TLS certificate errors will be ignored for this session
console.warn: SearchSettings: "get: No settings file exists, new profile?" (new NotFoundError("Could not open the file at /var/folders/47/l9k2yjd11vq9mpq5kblrlkvh0000gn/T/rust_mozprofileW2FN5f/search.json.mozlz4", (void 0)))
DevTools listening on ws://localhost:58778/devtools/browser/0ae064bc-db54-4ce9-b1d4-68244897a7b0
JavaScript warning: https://www.google.com/maps/_/js/k=maps.m.en.VQfsK7SSQUI.2019.O/m=sc2,per,mo,lp,ti,ds,stx,bom,b/am=G5AjIA/rt=j/d=1/rs=ACT90oGEWfKLEnZJnihkFDN_HjS7nMwuNw, line 1204: WEBGL_debug_renderer_info is deprecated in Firefox and will be removed. Please use RENDERER.
JavaScript warning: , line 0: WebGL warning: texSubImage: Texture has not been initialized prior to a partial upload, forcing the browser to clear it. This may be slow.
JavaScript warning: , line 0: WebGL warning: texSubImage: Tex image TEXTURE_2D level 0 is incurring lazy initialization.
JavaScript warning: , line 0: WebGL warning: texSubImage: Texture has not been initialized prior to a partial upload, forcing the browser to clear it. This may be slow.
JavaScript warning: , line 0: WebGL warning: texSubImage: Tex image TEXTURE_2D level 0 is incurring lazy initialization.
JavaScript warning: , line 0: WebGL warning: texSubImage: Texture has not been initialized prior to a partial upload, forcing the browser to clear it. This may be slow.
JavaScript warning: , line 0: WebGL warning: texSubImage: Tex image TEXTURE_2D level 0 is incurring lazy initialization.
JavaScript warning: , line 0: WebGL warning: texSubImage: Texture has not been initialized prior to a partial upload, forcing the browser to clear it. This may be slow.
JavaScript warning: , line 0: WebGL warning: texSubImage: Tex image TEXTURE_2D level 0 is incurring lazy initialization.
JavaScript warning: , line 0: WebGL warning: texSubImage: Texture has not been initialized prior to a partial upload, forcing the browser to clear it. This may be slow.
JavaScript warning: , line 0: WebGL warning: texSubImage: Tex image TEXTURE_2D level 0 is incurring lazy initialization.
JavaScript warning: , line 0: WebGL warning: texSubImage: Texture has not been initialized prior to a partial upload, forcing the browser to clear it. This may be slow.
JavaScript warning: , line 0: WebGL warning: texSubImage: Tex image TEXTURE_2D level 0 is incurring lazy initialization.
1674284360629	geckodriver	INFO	Listening on 127.0.0.1:58931
1674284361143	mozrunner::runner	INFO	Running command: "/Applications/Firefox.app/Contents/MacOS/firefox-bin" "--marionette" "--remote-debugging-port" "58932" "--remote-allow-hosts" "localhost" "-foreground" "-no-remote" "-profile" "/var/folders/47/l9k2yjd11vq9mpq5kblrlkvh0000gn/T/rust_mozprofile61MIxo"
2023-01-21 00:59:21.754 plugin-container[91352:2423460] nil host used in call to allowsSpecificHTTPSCertificateForHost
2023-01-21 00:59:21.754 plugin-container[91352:2423460] nil host used in call to allowsAnyHTTPSCertificateForHost:
2023-01-21 00:59:21.761 plugin-container[91352:2423460] nil host used in call to allowsSpecificHTTPSCertificateForHost
2023-01-21 00:59:21.761 plugin-container[91352:2423460] nil host used in call to allowsAnyHTTPSCertificateForHost:
2023-01-21 00:59:21.762 plugin-container[91352:2423486] nil host used in call to allowsSpecificHTTPSCertificateForHost
2023-01-21 00:59:21.762 plugin-container[91352:2423486] nil host used in call to allowsAnyHTTPSCertificateForHost:
1674284361770	Marionette	INFO	Marionette enabled
1674284361811	Marionette	INFO	Listening on port 58947
WebDriver BiDi listening on ws://localhost:58932
Read port: 58947
1674284362263	RemoteAgent	WARN	TLS certificate errors will be ignored for this session
console.warn: SearchSettings: "get: No settings file exists, new profile?" (new NotFoundError("Could not open the file at /var/folders/47/l9k2yjd11vq9mpq5kblrlkvh0000gn/T/rust_mozprofile61MIxo/search.json.mozlz4", (void 0)))
DevTools listening on ws://localhost:58932/devtools/browser/48c08075-f3c6-4ecf-bd7a-dce2a5644150
JavaScript warning: https://www.google.com/maps/_/js/k=maps.m.en.VQfsK7SSQUI.2019.O/m=sc2,per,mo,lp,ti,ds,stx,bom,b/am=G5AjIA/rt=j/d=1/rs=ACT90oGEWfKLEnZJnihkFDN_HjS7nMwuNw, line 1204: WEBGL_debug_renderer_info is deprecated in Firefox and will be removed. Please use RENDERER.
JavaScript warning: , line 0: WebGL warning: texSubImage: Texture has not been initialized prior to a partial upload, forcing the browser to clear it. This may be slow.
JavaScript warning: , line 0: WebGL warning: texSubImage: Tex image TEXTURE_2D level 0 is incurring lazy initialization.
JavaScript warning: , line 0: WebGL warning: texSubImage: Texture has not been initialized prior to a partial upload, forcing the browser to clear it. This may be slow.
JavaScript warning: , line 0: WebGL warning: texSubImage: Tex image TEXTURE_2D level 0 is incurring lazy initialization.
JavaScript warning: , line 0: WebGL warning: texSubImage: Texture has not been initialized prior to a partial upload, forcing the browser to clear it. This may be slow.
JavaScript warning: , line 0: WebGL warning: texSubImage: Tex image TEXTURE_2D level 0 is incurring lazy initialization.
JavaScript warning: , line 0: WebGL warning: texSubImage: Texture has not been initialized prior to a partial upload, forcing the browser to clear it. This may be slow.
JavaScript warning: , line 0: WebGL warning: texSubImage: Tex image TEXTURE_2D level 0 is incurring lazy initialization.
JavaScript warning: , line 0: WebGL warning: texSubImage: Texture has not been initialized prior to a partial upload, forcing the browser to clear it. This may be slow.
JavaScript warning: , line 0: WebGL warning: texSubImage: Tex image TEXTURE_2D level 0 is incurring lazy initialization.
JavaScript warning: , line 0: WebGL warning: texSubImage: Texture has not been initialized prior to a partial upload, forcing the browser to clear it. This may be slow.
JavaScript warning: , line 0: WebGL warning: texSubImage: Tex image TEXTURE_2D level 0 is incurring lazy initialization.
JavaScript warning: , line 0: WebGL warning: copyTexSubImage: Texture has not been initialized prior to a partial upload, forcing the browser to clear it. This may be slow.
JavaScript warning: , line 0: WebGL warning: copyTexSubImage: Tex image TEXTURE_2D level 0 is incurring lazy initialization.
1674284402141	Marionette	INFO	Stopped listening on port 58790
console.warn: TopSitesFeed: Failed to fetch data from Contile server: NetworkError when attempting to fetch resource.
1674284405129	Marionette	INFO	Stopped listening on port 58947
1674284467982	geckodriver	INFO	Listening on 127.0.0.1:59226
1674284468498	mozrunner::runner	INFO	Running command: "/Applications/Firefox.app/Contents/MacOS/firefox-bin" "--marionette" "--remote-debugging-port" "59227" "--remote-allow-hosts" "localhost" "-foreground" "-no-remote" "-profile" "/var/folders/47/l9k2yjd11vq9mpq5kblrlkvh0000gn/T/rust_mozprofile0f4lwB"
2023-01-21 01:01:09.177 plugin-container[91431:2425303] nil host used in call to allowsSpecificHTTPSCertificateForHost
2023-01-21 01:01:09.177 plugin-container[91431:2425303] nil host used in call to allowsAnyHTTPSCertificateForHost:
2023-01-21 01:01:09.182 plugin-container[91431:2425303] nil host used in call to allowsSpecificHTTPSCertificateForHost
2023-01-21 01:01:09.182 plugin-container[91431:2425303] nil host used in call to allowsAnyHTTPSCertificateForHost:
2023-01-21 01:01:09.183 plugin-container[91431:2425325] nil host used in call to allowsSpecificHTTPSCertificateForHost
2023-01-21 01:01:09.183 plugin-container[91431:2425325] nil host used in call to allowsAnyHTTPSCertificateForHost:
1674284469196	Marionette	INFO	Marionette enabled
1674284469240	Marionette	INFO	Listening on port 59234
WebDriver BiDi listening on ws://localhost:59227
Read port: 59234
1674284469705	RemoteAgent	WARN	TLS certificate errors will be ignored for this session
console.warn: SearchSettings: "get: No settings file exists, new profile?" (new NotFoundError("Could not open the file at /var/folders/47/l9k2yjd11vq9mpq5kblrlkvh0000gn/T/rust_mozprofile0f4lwB/search.json.mozlz4", (void 0)))
DevTools listening on ws://localhost:59227/devtools/browser/cb9b15cc-d1ba-4ad3-8223-43773c174bae
JavaScript warning: https://www.google.com/maps/_/js/k=maps.m.en.VQfsK7SSQUI.2019.O/m=sc2,per,mo,lp,ti,ds,stx,bom,b/am=G5AjIA/rt=j/d=1/rs=ACT90oGEWfKLEnZJnihkFDN_HjS7nMwuNw, line 1204: WEBGL_debug_renderer_info is deprecated in Firefox and will be removed. Please use RENDERER.
JavaScript warning: , line 0: WebGL warning: texSubImage: Texture has not been initialized prior to a partial upload, forcing the browser to clear it. This may be slow.
JavaScript warning: , line 0: WebGL warning: texSubImage: Tex image TEXTURE_2D level 0 is incurring lazy initialization.
JavaScript warning: , line 0: WebGL warning: texSubImage: Texture has not been initialized prior to a partial upload, forcing the browser to clear it. This may be slow.
JavaScript warning: , line 0: WebGL warning: texSubImage: Tex image TEXTURE_2D level 0 is incurring lazy initialization.
JavaScript warning: , line 0: WebGL warning: texSubImage: Texture has not been initialized prior to a partial upload, forcing the browser to clear it. This may be slow.
JavaScript warning: , line 0: WebGL warning: texSubImage: Tex image TEXTURE_2D level 0 is incurring lazy initialization.
JavaScript warning: , line 0: WebGL warning: texSubImage: Texture has not been initialized prior to a partial upload, forcing the browser to clear it. This may be slow.
JavaScript warning: , line 0: WebGL warning: texSubImage: Tex image TEXTURE_2D level 0 is incurring lazy initialization.
JavaScript warning: , line 0: WebGL warning: texSubImage: Texture has not been initialized prior to a partial upload, forcing the browser to clear it. This may be slow.
JavaScript warning: , line 0: WebGL warning: texSubImage: Tex image TEXTURE_2D level 0 is incurring lazy initialization.
JavaScript warning: , line 0: WebGL warning: texSubImage: Texture has not been initialized prior to a partial upload, forcing the browser to clear it. This may be slow.
JavaScript warning: , line 0: WebGL warning: texSubImage: Tex image TEXTURE_2D level 0 is incurring lazy initialization.
JavaScript warning: , line 0: WebGL warning: copyTexSubImage: Texture has not been initialized prior to a partial upload, forcing the browser to clear it. This may be slow.
JavaScript warning: , line 0: WebGL warning: copyTexSubImage: Tex image TEXTURE_2D level 0 is incurring lazy initialization.
1674284590512	geckodriver	INFO	Listening on 127.0.0.1:59312
1674284591022	mozrunner::runner	INFO	Running command: "/Applications/Firefox.app/Contents/MacOS/firefox-bin" "--marionette" "--remote-debugging-port" "59313" "--remote-allow-hosts" "localhost" "-foreground" "-no-remote" "-profile" "/var/folders/47/l9k2yjd11vq9mpq5kblrlkvh0000gn/T/rust_mozprofilemW8QAI"
2023-01-21 01:03:11.513 plugin-container[91501:2426844] nil host used in call to allowsSpecificHTTPSCertificateForHost
2023-01-21 01:03:11.513 plugin-container[91501:2426844] nil host used in call to allowsAnyHTTPSCertificateForHost:
2023-01-21 01:03:11.520 plugin-container[91501:2426844] nil host used in call to allowsSpecificHTTPSCertificateForHost
2023-01-21 01:03:11.521 plugin-container[91501:2426844] nil host used in call to allowsAnyHTTPSCertificateForHost:
2023-01-21 01:03:11.521 plugin-container[91501:2426872] nil host used in call to allowsSpecificHTTPSCertificateForHost
2023-01-21 01:03:11.521 plugin-container[91501:2426872] nil host used in call to allowsAnyHTTPSCertificateForHost:
1674284591531	Marionette	INFO	Marionette enabled
1674284591596	Marionette	INFO	Listening on port 59321
WebDriver BiDi listening on ws://localhost:59313
Read port: 59321
1674284592187	RemoteAgent	WARN	TLS certificate errors will be ignored for this session
console.warn: SearchSettings: "get: No settings file exists, new profile?" (new NotFoundError("Could not open the file at /var/folders/47/l9k2yjd11vq9mpq5kblrlkvh0000gn/T/rust_mozprofilemW8QAI/search.json.mozlz4", (void 0)))
DevTools listening on ws://localhost:59313/devtools/browser/26be2079-b7e7-454f-8582-0039edbe1c38
JavaScript warning: https://www.google.com/maps/_/js/k=maps.m.en.VQfsK7SSQUI.2019.O/m=sc2,per,mo,lp,ti,ds,stx,bom,b/am=G5AjIA/rt=j/d=1/rs=ACT90oGEWfKLEnZJnihkFDN_HjS7nMwuNw, line 1204: WEBGL_debug_renderer_info is deprecated in Firefox and will be removed. Please use RENDERER.
JavaScript warning: , line 0: WebGL warning: texSubImage: Texture has not been initialized prior to a partial upload, forcing the browser to clear it. This may be slow.
JavaScript warning: , line 0: WebGL warning: texSubImage: Tex image TEXTURE_2D level 0 is incurring lazy initialization.
JavaScript warning: , line 0: WebGL warning: texSubImage: Texture has not been initialized prior to a partial upload, forcing the browser to clear it. This may be slow.
JavaScript warning: , line 0: WebGL warning: texSubImage: Tex image TEXTURE_2D level 0 is incurring lazy initialization.
JavaScript warning: , line 0: WebGL warning: texSubImage: Texture has not been initialized prior to a partial upload, forcing the browser to clear it. This may be slow.
JavaScript warning: , line 0: WebGL warning: texSubImage: Tex image TEXTURE_2D level 0 is incurring lazy initialization.
JavaScript warning: , line 0: WebGL warning: texSubImage: Texture has not been initialized prior to a partial upload, forcing the browser to clear it. This may be slow.
JavaScript warning: , line 0: WebGL warning: texSubImage: Tex image TEXTURE_2D level 0 is incurring lazy initialization.
JavaScript warning: , line 0: WebGL warning: texSubImage: Texture has not been initialized prior to a partial upload, forcing the browser to clear it. This may be slow.
JavaScript warning: , line 0: WebGL warning: texSubImage: Tex image TEXTURE_2D level 0 is incurring lazy initialization.
JavaScript warning: , line 0: WebGL warning: texSubImage: Texture has not been initialized prior to a partial upload, forcing the browser to clear it. This may be slow.
JavaScript warning: , line 0: WebGL warning: texSubImage: Tex image TEXTURE_2D level 0 is incurring lazy initialization.
1674284600668	Marionette	INFO	Stopped listening on port 59321
1674284603095	Marionette	INFO	Stopped listening on port 59234
1674284759403	geckodriver	INFO	Listening on 127.0.0.1:59432
1674284759917	mozrunner::runner	INFO	Running command: "/Applications/Firefox.app/Contents/MacOS/firefox-bin" "--marionette" "--remote-debugging-port" "59433" "--remote-allow-hosts" "localhost" "-foreground" "-no-remote" "-profile" "/var/folders/47/l9k2yjd11vq9mpq5kblrlkvh0000gn/T/rust_mozprofileoRuyuP"
2023-01-21 01:06:00.659 plugin-container[91614:2429684] nil host used in call to allowsSpecificHTTPSCertificateForHost
2023-01-21 01:06:00.660 plugin-container[91614:2429684] nil host used in call to allowsAnyHTTPSCertificateForHost:
2023-01-21 01:06:00.666 plugin-container[91614:2429684] nil host used in call to allowsSpecificHTTPSCertificateForHost
2023-01-21 01:06:00.666 plugin-container[91614:2429684] nil host used in call to allowsAnyHTTPSCertificateForHost:
2023-01-21 01:06:00.667 plugin-container[91614:2429686] nil host used in call to allowsSpecificHTTPSCertificateForHost
2023-01-21 01:06:00.667 plugin-container[91614:2429686] nil host used in call to allowsAnyHTTPSCertificateForHost:
1674284760680	Marionette	INFO	Marionette enabled
1674284760724	Marionette	INFO	Listening on port 59440
WebDriver BiDi listening on ws://localhost:59433
Read port: 59440
1674284761165	RemoteAgent	WARN	TLS certificate errors will be ignored for this session
console.warn: SearchSettings: "get: No settings file exists, new profile?" (new NotFoundError("Could not open the file at /var/folders/47/l9k2yjd11vq9mpq5kblrlkvh0000gn/T/rust_mozprofileoRuyuP/search.json.mozlz4", (void 0)))
DevTools listening on ws://localhost:59433/devtools/browser/722c484a-dd27-43bf-a782-7473b1f99739
JavaScript warning: https://www.google.com/maps/_/js/k=maps.m.en.VQfsK7SSQUI.2019.O/m=sc2,per,mo,lp,ti,ds,stx,bom,b/am=G5AjIA/rt=j/d=1/rs=ACT90oGEWfKLEnZJnihkFDN_HjS7nMwuNw, line 1204: WEBGL_debug_renderer_info is deprecated in Firefox and will be removed. Please use RENDERER.
JavaScript warning: , line 0: WebGL warning: texSubImage: Texture has not been initialized prior to a partial upload, forcing the browser to clear it. This may be slow.
JavaScript warning: , line 0: WebGL warning: texSubImage: Tex image TEXTURE_2D level 0 is incurring lazy initialization.
JavaScript warning: , line 0: WebGL warning: texSubImage: Texture has not been initialized prior to a partial upload, forcing the browser to clear it. This may be slow.
JavaScript warning: , line 0: WebGL warning: texSubImage: Tex image TEXTURE_2D level 0 is incurring lazy initialization.
JavaScript warning: , line 0: WebGL warning: texSubImage: Texture has not been initialized prior to a partial upload, forcing the browser to clear it. This may be slow.
JavaScript warning: , line 0: WebGL warning: texSubImage: Tex image TEXTURE_2D level 0 is incurring lazy initialization.
JavaScript warning: , line 0: WebGL warning: texSubImage: Texture has not been initialized prior to a partial upload, forcing the browser to clear it. This may be slow.
JavaScript warning: , line 0: WebGL warning: texSubImage: Tex image TEXTURE_2D level 0 is incurring lazy initialization.
JavaScript warning: , line 0: WebGL warning: texSubImage: Texture has not been initialized prior to a partial upload, forcing the browser to clear it. This may be slow.
JavaScript warning: , line 0: WebGL warning: texSubImage: Tex image TEXTURE_2D level 0 is incurring lazy initialization.
JavaScript warning: , line 0: WebGL warning: texSubImage: Texture has not been initialized prior to a partial upload, forcing the browser to clear it. This may be slow.
JavaScript warning: , line 0: WebGL warning: texSubImage: Tex image TEXTURE_2D level 0 is incurring lazy initialization.
JavaScript warning: , line 0: WebGL warning: texSubImage: Alpha-premult and y-flip are deprecated for non-DOM-Element uploads.
JavaScript warning: , line 0: WebGL warning: copyTexSubImage: Texture has not been initialized prior to a partial upload, forcing the browser to clear it. This may be slow.
JavaScript warning: , line 0: WebGL warning: copyTexSubImage: Tex image TEXTURE_2D level 0 is incurring lazy initialization.
1674284789031	Marionette	INFO	Stopped listening on port 59440
1674284865054	geckodriver	INFO	Listening on 127.0.0.1:59520
1674284865575	mozrunner::runner	INFO	Running command: "/Applications/Firefox.app/Contents/MacOS/firefox-bin" "--marionette" "--remote-debugging-port" "59521" "--remote-allow-hosts" "localhost" "-foreground" "-no-remote" "-profile" "/var/folders/47/l9k2yjd11vq9mpq5kblrlkvh0000gn/T/rust_mozprofileGMDmtz"
2023-01-21 01:07:46.041 plugin-container[91683:2431360] nil host used in call to allowsSpecificHTTPSCertificateForHost
2023-01-21 01:07:46.041 plugin-container[91683:2431360] nil host used in call to allowsAnyHTTPSCertificateForHost:
2023-01-21 01:07:46.047 plugin-container[91683:2431360] nil host used in call to allowsSpecificHTTPSCertificateForHost
2023-01-21 01:07:46.047 plugin-container[91683:2431360] nil host used in call to allowsAnyHTTPSCertificateForHost:
2023-01-21 01:07:46.048 plugin-container[91683:2431358] nil host used in call to allowsSpecificHTTPSCertificateForHost
2023-01-21 01:07:46.048 plugin-container[91683:2431358] nil host used in call to allowsAnyHTTPSCertificateForHost:
1674284866062	Marionette	INFO	Marionette enabled
1674284866116	Marionette	INFO	Listening on port 59528
WebDriver BiDi listening on ws://localhost:59521
Read port: 59528
1674284866612	RemoteAgent	WARN	TLS certificate errors will be ignored for this session
console.warn: SearchSettings: "get: No settings file exists, new profile?" (new NotFoundError("Could not open the file at /var/folders/47/l9k2yjd11vq9mpq5kblrlkvh0000gn/T/rust_mozprofileGMDmtz/search.json.mozlz4", (void 0)))
DevTools listening on ws://localhost:59521/devtools/browser/8e539a0b-0e91-4e6f-94c9-a61e883bb466
JavaScript warning: https://www.google.com/maps/_/js/k=maps.m.en.VQfsK7SSQUI.2019.O/m=sc2,per,mo,lp,ti,ds,stx,bom,b/am=G5AjIA/rt=j/d=1/rs=ACT90oGEWfKLEnZJnihkFDN_HjS7nMwuNw, line 1204: WEBGL_debug_renderer_info is deprecated in Firefox and will be removed. Please use RENDERER.
JavaScript warning: , line 0: WebGL warning: texSubImage: Texture has not been initialized prior to a partial upload, forcing the browser to clear it. This may be slow.
JavaScript warning: , line 0: WebGL warning: texSubImage: Tex image TEXTURE_2D level 0 is incurring lazy initialization.
JavaScript warning: , line 0: WebGL warning: texSubImage: Texture has not been initialized prior to a partial upload, forcing the browser to clear it. This may be slow.
JavaScript warning: , line 0: WebGL warning: texSubImage: Tex image TEXTURE_2D level 0 is incurring lazy initialization.
JavaScript warning: , line 0: WebGL warning: texSubImage: Texture has not been initialized prior to a partial upload, forcing the browser to clear it. This may be slow.
JavaScript warning: , line 0: WebGL warning: texSubImage: Tex image TEXTURE_2D level 0 is incurring lazy initialization.
JavaScript warning: , line 0: WebGL warning: texSubImage: Texture has not been initialized prior to a partial upload, forcing the browser to clear it. This may be slow.
JavaScript warning: , line 0: WebGL warning: texSubImage: Tex image TEXTURE_2D level 0 is incurring lazy initialization.
1674284885089	geckodriver	INFO	Listening on 127.0.0.1:59596
1674284885605	mozrunner::runner	INFO	Running command: "/Applications/Firefox.app/Contents/MacOS/firefox-bin" "--marionette" "--remote-debugging-port" "59597" "--remote-allow-hosts" "localhost" "-foreground" "-no-remote" "-profile" "/var/folders/47/l9k2yjd11vq9mpq5kblrlkvh0000gn/T/rust_mozprofile58Xktp"
2023-01-21 01:08:06.114 plugin-container[91706:2431916] nil host used in call to allowsSpecificHTTPSCertificateForHost
2023-01-21 01:08:06.114 plugin-container[91706:2431916] nil host used in call to allowsAnyHTTPSCertificateForHost:
2023-01-21 01:08:06.120 plugin-container[91706:2431916] nil host used in call to allowsSpecificHTTPSCertificateForHost
2023-01-21 01:08:06.120 plugin-container[91706:2431916] nil host used in call to allowsAnyHTTPSCertificateForHost:
2023-01-21 01:08:06.121 plugin-container[91706:2431926] nil host used in call to allowsSpecificHTTPSCertificateForHost
2023-01-21 01:08:06.121 plugin-container[91706:2431926] nil host used in call to allowsAnyHTTPSCertificateForHost:
1674284886138	Marionette	INFO	Marionette enabled
1674284886199	Marionette	INFO	Listening on port 59604
WebDriver BiDi listening on ws://localhost:59597
Read port: 59604
1674284886741	RemoteAgent	WARN	TLS certificate errors will be ignored for this session
console.warn: SearchSettings: "get: No settings file exists, new profile?" (new NotFoundError("Could not open the file at /var/folders/47/l9k2yjd11vq9mpq5kblrlkvh0000gn/T/rust_mozprofile58Xktp/search.json.mozlz4", (void 0)))
DevTools listening on ws://localhost:59597/devtools/browser/c110dbdf-34bb-43bf-833a-0d9ccb87f66c
JavaScript warning: https://www.google.com/maps/_/js/k=maps.m.en.VQfsK7SSQUI.2019.O/m=sc2,per,mo,lp,ti,ds,stx,bom,b/am=G5AjIA/rt=j/d=1/rs=ACT90oGEWfKLEnZJnihkFDN_HjS7nMwuNw, line 1204: WEBGL_debug_renderer_info is deprecated in Firefox and will be removed. Please use RENDERER.
JavaScript warning: , line 0: WebGL warning: texSubImage: Texture has not been initialized prior to a partial upload, forcing the browser to clear it. This may be slow.
JavaScript warning: , line 0: WebGL warning: texSubImage: Tex image TEXTURE_2D level 0 is incurring lazy initialization.
JavaScript warning: , line 0: WebGL warning: texSubImage: Texture has not been initialized prior to a partial upload, forcing the browser to clear it. This may be slow.
JavaScript warning: , line 0: WebGL warning: texSubImage: Tex image TEXTURE_2D level 0 is incurring lazy initialization.
JavaScript warning: , line 0: WebGL warning: texSubImage: Texture has not been initialized prior to a partial upload, forcing the browser to clear it. This may be slow.
JavaScript warning: , line 0: WebGL warning: texSubImage: Tex image TEXTURE_2D level 0 is incurring lazy initialization.
JavaScript warning: , line 0: WebGL warning: texSubImage: Texture has not been initialized prior to a partial upload, forcing the browser to clear it. This may be slow.
JavaScript warning: , line 0: WebGL warning: texSubImage: Tex image TEXTURE_2D level 0 is incurring lazy initialization.
JavaScript warning: , line 0: WebGL warning: texSubImage: Texture has not been initialized prior to a partial upload, forcing the browser to clear it. This may be slow.
JavaScript warning: , line 0: WebGL warning: texSubImage: Tex image TEXTURE_2D level 0 is incurring lazy initialization.
JavaScript warning: , line 0: WebGL warning: texSubImage: Texture has not been initialized prior to a partial upload, forcing the browser to clear it. This may be slow.
JavaScript warning: , line 0: WebGL warning: texSubImage: Tex image TEXTURE_2D level 0 is incurring lazy initialization.
1674284903603	Marionette	INFO	Stopped listening on port 59528
1674284905499	Marionette	INFO	Stopped listening on port 59604
1674285141693	geckodriver	INFO	Listening on 127.0.0.1:59700
1674285142210	mozrunner::runner	INFO	Running command: "/Applications/Firefox.app/Contents/MacOS/firefox-bin" "--marionette" "--remote-debugging-port" "59701" "--remote-allow-hosts" "localhost" "-foreground" "-no-remote" "-profile" "/var/folders/47/l9k2yjd11vq9mpq5kblrlkvh0000gn/T/rust_mozprofileOwyXeB"
2023-01-21 01:12:22.874 plugin-container[91845:2435178] nil host used in call to allowsSpecificHTTPSCertificateForHost
2023-01-21 01:12:22.875 plugin-container[91845:2435178] nil host used in call to allowsAnyHTTPSCertificateForHost:
2023-01-21 01:12:22.886 plugin-container[91845:2435178] nil host used in call to allowsSpecificHTTPSCertificateForHost
2023-01-21 01:12:22.886 plugin-container[91845:2435178] nil host used in call to allowsAnyHTTPSCertificateForHost:
2023-01-21 01:12:22.886 plugin-container[91845:2435202] nil host used in call to allowsSpecificHTTPSCertificateForHost
2023-01-21 01:12:22.886 plugin-container[91845:2435202] nil host used in call to allowsAnyHTTPSCertificateForHost:
1674285142894	Marionette	INFO	Marionette enabled
1674285142948	Marionette	INFO	Listening on port 59708
WebDriver BiDi listening on ws://localhost:59701
Read port: 59708
1674285143378	RemoteAgent	WARN	TLS certificate errors will be ignored for this session
console.warn: SearchSettings: "get: No settings file exists, new profile?" (new NotFoundError("Could not open the file at /var/folders/47/l9k2yjd11vq9mpq5kblrlkvh0000gn/T/rust_mozprofileOwyXeB/search.json.mozlz4", (void 0)))
DevTools listening on ws://localhost:59701/devtools/browser/842ad49d-11bc-449d-9d0c-3f6a6644d4a7
JavaScript warning: https://www.google.com/maps/_/js/k=maps.m.en.VQfsK7SSQUI.2019.O/m=sc2,per,mo,lp,ti,ds,stx,bom,b/am=G5AjIA/rt=j/d=1/rs=ACT90oGEWfKLEnZJnihkFDN_HjS7nMwuNw, line 1204: WEBGL_debug_renderer_info is deprecated in Firefox and will be removed. Please use RENDERER.
JavaScript warning: , line 0: WebGL warning: texSubImage: Texture has not been initialized prior to a partial upload, forcing the browser to clear it. This may be slow.
JavaScript warning: , line 0: WebGL warning: texSubImage: Tex image TEXTURE_2D level 0 is incurring lazy initialization.
JavaScript warning: , line 0: WebGL warning: texSubImage: Texture has not been initialized prior to a partial upload, forcing the browser to clear it. This may be slow.
JavaScript warning: , line 0: WebGL warning: texSubImage: Tex image TEXTURE_2D level 0 is incurring lazy initialization.
JavaScript warning: , line 0: WebGL warning: texSubImage: Texture has not been initialized prior to a partial upload, forcing the browser to clear it. This may be slow.
JavaScript warning: , line 0: WebGL warning: texSubImage: Tex image TEXTURE_2D level 0 is incurring lazy initialization.
JavaScript warning: , line 0: WebGL warning: texSubImage: Texture has not been initialized prior to a partial upload, forcing the browser to clear it. This may be slow.
JavaScript warning: , line 0: WebGL warning: texSubImage: Tex image TEXTURE_2D level 0 is incurring lazy initialization.
1674285162343	Marionette	INFO	Stopped listening on port 59708
>>>>>>> Stashed changes
